header:
  stamp:
    sec: 1745800103
    nanosec: 0
  frame_id: ''
name:
- j1
position:
- 0.0
velocity:
- 0.0
effort:
- 0.0
---
header:
  stamp:
    sec: 1745800103
    nanosec: 10000000
  frame_id: ''
name:
- j1
position:
- 0.0
velocity:
- 0.0
effort:
- 0.0
---
header:
  stamp:
    sec: 1745800103
    nanosec: 20000000
  frame_id: ''
name:
- j1
position:
- 0.0
velocity:
- 0.0
effort:
- 0.0
---
header:
  stamp:
    sec: 1745800103
    nanosec: 30000000
  frame_id: ''
name:
- j1
position:
- 0.0
velocity:
- 0.0
effort:
- 0.0
---
header:
  stamp:
    sec: 1745800103
    nanosec: 40000000
  frame_id: ''
name:
- j1
position:
- 0.0
velocity:
- 0.0
effort:
- 0.0
---
header:
  stamp:
    sec: 1745800103
    nanosec: 50000000
  frame_id: ''
name:
- j1
position:
- 0.0
velocity:
- 0.0
effort:
- 0.0
---
header:
  stamp:
    sec: 1745800103
    nanosec: 60000000
  frame_id: ''
name:
- j1
position:
- 0.0
velocity:
- 0.0
effort:
- 0.0
---
header:
  stamp:
    sec: 1745800103
    nanosec: 70000000
  frame_id: ''
name:
- j1
position:
- 0.0
velocity:
- 0.0
effort:
- 0.0
---
header:
  stamp:
    sec: 1745800103
    nanosec: 80000000
  frame_id: ''
name:
- j1
position:
- 0.0
velocity:
- 0.0
effort:
- 0.0
---
header:
  stamp:
    sec: 1745800103
    nanosec: 90000000
  frame_id: ''
name:
- j1
position:
- 0.0
velocity:
- 0.0
effort:
- 0.0
---
header:
  stamp:
    sec: 1745800103
    nanosec: 100000000
  frame_id: ''
name:
- j1
position:
- 0.0
velocity:
- 0.0
effort:
- 0.0
---
header:
  stamp:
    sec: 1745800103
    nanosec: 200000000
  frame_id: ''
name:
- j1
position:
- 0.0
velocity:
- 0.0
effort:
- 0.0
---
header:
  stamp:
    sec: 1745800103
    nanosec: 300000000
  frame_id: ''
name:
- j1
position:
- 0.0
velocity:
- 0.0
effort:
- 0.0
---
header:
  stamp:
    sec: 1745800103
    nanosec: 400000000
  frame_id: ''
name:
- j1
position:
- 0.0
velocity:
- 0.0
effort:
- 0.0
---
header:
  stamp:
    sec: 1745800103
    nanosec: 500000000
  frame_id: ''
name:
- j1
position:
- 0.0
velocity:
- 0.0
effort:
- 0.0
---
